2022-02-09 13:27:39.929  INFO 285 --- [Test worker] .ProductCompositeServiceApplicationTests : Starting ProductCompositeServiceApplicationTests using Java 1.8.0_312 on MTNB1007 with PID 285 (started by andika in /mnt/d/development/Hands-On-Microservices-with-Spring-Boot-and-Spring-Cloud/Chapter09/microservices/product-composite-service)
2022-02-09 13:27:39.934 DEBUG 285 --- [Test worker] .ProductCompositeServiceApplicationTests : Running with Spring Boot v2.6.3, Spring v5.3.15
2022-02-09 13:27:39.935  INFO 285 --- [Test worker] .ProductCompositeServiceApplicationTests : No active profile set, falling back to default profiles: default
2022-02-09 13:27:40.045  WARN 285 --- [Test worker] o.s.b.c.config.ConfigDataEnvironment     : Property 'spring.profiles' imported from location 'class path resource [application.yml]' is invalid and should be replaced with 'spring.config.activate.on-profile' [origin: class path resource [application.yml] - 109:18]
2022-02-09 13:27:49.846  INFO 285 --- [Test worker] faultConfiguringBeanFactoryPostProcessor : No bean named 'errorChannel' has been explicitly defined. Therefore, a default PublishSubscribeChannel will be created.
2022-02-09 13:27:49.953  INFO 285 --- [Test worker] faultConfiguringBeanFactoryPostProcessor : No bean named 'integrationHeaderChannelRegistry' has been explicitly defined. Therefore, a default DefaultHeaderChannelRegistry will be created.
2022-02-09 13:27:50.564  INFO 285 --- [Test worker] o.s.cloud.context.scope.GenericScope     : BeanFactory id=abff1777-a4d4-382a-aeb1-260696cd4e3e
2022-02-09 13:27:54.963  INFO 285 --- [Test worker] trationDelegate$BeanPostProcessorChecker : Bean 'integrationChannelResolver' of type [org.springframework.integration.support.channel.BeanFactoryChannelResolver] is not eligible for getting processed by all BeanPostProcessors (for example: not eligible for auto-proxying)
2022-02-09 13:27:55.176  INFO 285 --- [Test worker] trationDelegate$BeanPostProcessorChecker : Bean 'org.springframework.cloud.stream.config.BindersHealthIndicatorAutoConfiguration' of type [org.springframework.cloud.stream.config.BindersHealthIndicatorAutoConfiguration] is not eligible for getting processed by all BeanPostProcessors (for example: not eligible for auto-proxying)
2022-02-09 13:27:55.215  INFO 285 --- [Test worker] trationDelegate$BeanPostProcessorChecker : Bean 'bindersHealthContributor' of type [org.springframework.cloud.stream.config.BindersHealthIndicatorAutoConfiguration$BindersHealthContributor] is not eligible for getting processed by all BeanPostProcessors (for example: not eligible for auto-proxying)
2022-02-09 13:27:55.239  INFO 285 --- [Test worker] trationDelegate$BeanPostProcessorChecker : Bean 'bindersHealthIndicatorListener' of type [org.springframework.cloud.stream.config.BindersHealthIndicatorAutoConfiguration$BindersHealthIndicatorListener] is not eligible for getting processed by all BeanPostProcessors (for example: not eligible for auto-proxying)
2022-02-09 13:27:55.358  INFO 285 --- [Test worker] trationDelegate$BeanPostProcessorChecker : Bean 'org.springframework.integration.config.IntegrationManagementConfiguration' of type [org.springframework.integration.config.IntegrationManagementConfiguration] is not eligible for getting processed by all BeanPostProcessors (for example: not eligible for auto-proxying)
2022-02-09 13:27:55.444  INFO 285 --- [Test worker] trationDelegate$BeanPostProcessorChecker : Bean 'org.springframework.cloud.client.loadbalancer.reactive.LoadBalancerBeanPostProcessorAutoConfiguration' of type [org.springframework.cloud.client.loadbalancer.reactive.LoadBalancerBeanPostProcessorAutoConfiguration] is not eligible for getting processed by all BeanPostProcessors (for example: not eligible for auto-proxying)
2022-02-09 13:27:55.454  INFO 285 --- [Test worker] trationDelegate$BeanPostProcessorChecker : Bean 'org.springframework.cloud.client.loadbalancer.reactive.LoadBalancerBeanPostProcessorAutoConfiguration$ReactorDeferringLoadBalancerFilterConfig' of type [org.springframework.cloud.client.loadbalancer.reactive.LoadBalancerBeanPostProcessorAutoConfiguration$ReactorDeferringLoadBalancerFilterConfig] is not eligible for getting processed by all BeanPostProcessors (for example: not eligible for auto-proxying)
2022-02-09 13:27:55.530  INFO 285 --- [Test worker] trationDelegate$BeanPostProcessorChecker : Bean 'reactorDeferringLoadBalancerExchangeFilterFunction' of type [org.springframework.cloud.client.loadbalancer.reactive.DeferringLoadBalancerExchangeFilterFunction] is not eligible for getting processed by all BeanPostProcessors (for example: not eligible for auto-proxying)
2022-02-09 13:28:04.379  INFO 285 --- [Test worker] o.s.cloud.commons.util.InetUtils         : Cannot determine local hostname
2022-02-09 13:28:07.699  INFO 285 --- [Test worker] o.s.b.a.e.web.EndpointLinksResolver      : Exposing 20 endpoint(s) beneath base path '/actuator'
2022-02-09 13:28:14.569  INFO 285 --- [Test worker] onConfiguration$FunctionBindingRegistrar : Functional binding is disabled due to the presense of @EnableBinding annotation in your configuration
2022-02-09 13:28:17.916  INFO 285 --- [Test worker] o.s.cloud.commons.util.InetUtils         : Cannot determine local hostname
2022-02-09 13:28:18.040  INFO 285 --- [Test worker] DiscoveryClientOptionalArgsConfiguration : Eureka HTTP Client uses RestTemplate.
2022-02-09 13:28:19.004  WARN 285 --- [Test worker] iguration$LoadBalancerCaffeineWarnLogger : Spring Cloud LoadBalancer is currently working with the default cache. You can switch to using Caffeine cache, by adding it and org.springframework.cache.caffeine.CaffeineCacheManager to the classpath.
2022-02-09 13:28:21.440  INFO 285 --- [Test worker] o.s.i.endpoint.EventDrivenConsumer       : Adding {logging-channel-adapter:_org.springframework.integration.errorLogger} as a subscriber to the 'errorChannel' channel
2022-02-09 13:28:21.444  INFO 285 --- [Test worker] o.s.i.channel.PublishSubscribeChannel    : Channel 'product-composite.errorChannel' has 1 subscriber(s).
2022-02-09 13:28:21.445  INFO 285 --- [Test worker] o.s.i.endpoint.EventDrivenConsumer       : started bean '_org.springframework.integration.errorLogger'
2022-02-09 13:28:21.880  INFO 285 --- [Test worker] o.s.c.s.m.DirectWithAttributesChannel    : Channel 'product-composite.output-products' has 1 subscriber(s).
2022-02-09 13:28:21.884  INFO 285 --- [Test worker] o.s.c.s.m.DirectWithAttributesChannel    : Channel 'product-composite.output-recommendations' has 1 subscriber(s).
2022-02-09 13:28:21.884  INFO 285 --- [Test worker] o.s.c.s.m.DirectWithAttributesChannel    : Channel 'product-composite.output-reviews' has 1 subscriber(s).
2022-02-09 13:28:22.751  INFO 285 --- [Test worker] o.s.b.web.embedded.netty.NettyWebServer  : Netty started on port 34557
2022-02-09 13:28:23.753  INFO 285 --- [Test worker] o.s.cloud.commons.util.InetUtils         : Cannot determine local hostname
2022-02-09 13:28:24.758  INFO 285 --- [Test worker] o.s.cloud.commons.util.InetUtils         : Cannot determine local hostname
2022-02-09 13:28:25.563  INFO 285 --- [Test worker] .ProductCompositeServiceApplicationTests : Started ProductCompositeServiceApplicationTests in 57.009 seconds (JVM running for 76.22)
2022-02-09 13:28:27.574  INFO 285 --- [reactor-http-epoll-4] reactor.Mono.PeekTerminal.1              : | onSubscribe([Fuseable] MonoPeekTerminal.MonoTerminalPeekSubscriber)
2022-02-09 13:28:27.588  INFO 285 --- [reactor-http-epoll-4] reactor.Mono.PeekTerminal.1              : | request(unbounded)
2022-02-09 13:28:27.592  INFO 285 --- [reactor-http-epoll-4] reactor.Mono.PeekTerminal.1              : | onNext(se.magnus.api.composite.product.ProductAggregate@505297bf)
2022-02-09 13:28:27.656  INFO 285 --- [reactor-http-epoll-4] reactor.Mono.PeekTerminal.1              : | onComplete()
2022-02-09 13:28:28.376 DEBUG 285 --- [reactor-http-epoll-4] s.m.u.h.GlobalControllerExceptionHandler : Returning HTTP status: 422 UNPROCESSABLE_ENTITY for path: /product-composite/3, message: INVALID: 3
2022-02-09 13:28:28.430 DEBUG 285 --- [reactor-http-epoll-4] s.m.u.h.GlobalControllerExceptionHandler : Returning HTTP status: 404 NOT_FOUND for path: /product-composite/2, message: NOT FOUND: 2
2022-02-09 13:28:28.537  INFO 285 --- [SpringApplicationShutdownHook] o.s.i.endpoint.EventDrivenConsumer       : Removing {logging-channel-adapter:_org.springframework.integration.errorLogger} as a subscriber to the 'errorChannel' channel
2022-02-09 13:28:28.538  INFO 285 --- [SpringApplicationShutdownHook] o.s.i.channel.PublishSubscribeChannel    : Channel 'product-composite.errorChannel' has 0 subscriber(s).
2022-02-09 13:28:28.539  INFO 285 --- [SpringApplicationShutdownHook] o.s.i.endpoint.EventDrivenConsumer       : stopped bean '_org.springframework.integration.errorLogger'
