2022-02-09 14:25:13.931  INFO 14518 --- [Test worker] c.example.demo.GatewayApplicationTests   : Starting GatewayApplicationTests using Java 1.8.0_312 on MTNB1007 with PID 14518 (started by andika in /mnt/d/development/Hands-On-Microservices-with-Spring-Boot-and-Spring-Cloud/Chapter09/spring-cloud/gateway)
2022-02-09 14:25:13.936  INFO 14518 --- [Test worker] c.example.demo.GatewayApplicationTests   : No active profile set, falling back to default profiles: default
2022-02-09 14:25:14.090  WARN 14518 --- [Test worker] o.s.b.c.config.ConfigDataEnvironment     : Property 'spring.profiles' imported from location 'class path resource [application.yml]' is invalid and should be replaced with 'spring.config.activate.on-profile' [origin: class path resource [application.yml] - 53:18]
2022-02-09 14:25:17.316 TRACE 14518 --- [Test worker] o.s.c.g.c.c.OnEnabledGlobalFilter        : Condition OnEnabledGlobalFilter on org.springframework.cloud.gateway.config.GatewayReactiveLoadBalancerClientAutoConfiguration#gatewayLoadBalancerClientFilter matched
2022-02-09 14:25:17.323 TRACE 14518 --- [Test worker] o.s.c.g.c.c.OnEnabledGlobalFilter        : Condition OnEnabledGlobalFilter on org.springframework.cloud.gateway.config.GatewayReactiveLoadBalancerClientAutoConfiguration#loadBalancerServiceInstanceCookieFilter matched
2022-02-09 14:25:17.356 TRACE 14518 --- [Test worker] Configuration$OnVerboseDisabledCondition : Condition GatewayAutoConfiguration.OnVerboseDisabledCondition on org.springframework.cloud.gateway.config.GatewayAutoConfiguration$GatewayActuatorConfiguration#gatewayLegacyControllerEndpoint did not match due to NoneNestedConditions 1 matched 0 did not; NestedCondition on GatewayAutoConfiguration.OnVerboseDisabledCondition.VerboseDisabled @ConditionalOnProperty (spring.cloud.gateway.actuator.verbose.enabled) matched
2022-02-09 14:25:17.395 TRACE 14518 --- [Test worker] o.s.c.g.c.c.OnEnabledGlobalFilter        : Condition OnEnabledGlobalFilter on org.springframework.cloud.gateway.config.GatewayAutoConfiguration$NettyConfiguration#routingFilter matched
2022-02-09 14:25:17.396 TRACE 14518 --- [Test worker] o.s.c.g.c.c.OnEnabledGlobalFilter        : Condition OnEnabledGlobalFilter on org.springframework.cloud.gateway.config.GatewayAutoConfiguration$NettyConfiguration#nettyWriteResponseFilter matched
2022-02-09 14:25:17.399 TRACE 14518 --- [Test worker] o.s.c.g.c.c.OnEnabledGlobalFilter        : Condition OnEnabledGlobalFilter on org.springframework.cloud.gateway.config.GatewayAutoConfiguration$NettyConfiguration#reactorNettyWebSocketClient matched
2022-02-09 14:25:17.400 TRACE 14518 --- [Test worker] o.s.c.g.c.c.OnEnabledGlobalFilter        : Condition OnEnabledGlobalFilter on org.springframework.cloud.gateway.config.GatewayAutoConfiguration$NettyConfiguration#reactorNettyRequestUpgradeStrategy matched
2022-02-09 14:25:17.711 TRACE 14518 --- [Test worker] o.s.c.g.c.c.OnEnabledGlobalFilter        : Condition OnEnabledGlobalFilter on org.springframework.cloud.gateway.config.GatewayAutoConfiguration#adaptCachedBodyGlobalFilter matched
2022-02-09 14:25:17.726 TRACE 14518 --- [Test worker] o.s.c.g.c.c.OnEnabledGlobalFilter        : Condition OnEnabledGlobalFilter on org.springframework.cloud.gateway.config.GatewayAutoConfiguration#removeCachedBodyFilter matched
2022-02-09 14:25:17.728 TRACE 14518 --- [Test worker] o.s.c.g.c.c.OnEnabledGlobalFilter        : Condition OnEnabledGlobalFilter on org.springframework.cloud.gateway.config.GatewayAutoConfiguration#routeToRequestUrlFilter matched
2022-02-09 14:25:17.729 TRACE 14518 --- [Test worker] o.s.c.g.c.c.OnEnabledGlobalFilter        : Condition OnEnabledGlobalFilter on org.springframework.cloud.gateway.config.GatewayAutoConfiguration#forwardRoutingFilter matched
2022-02-09 14:25:17.730 TRACE 14518 --- [Test worker] o.s.c.g.c.c.OnEnabledGlobalFilter        : Condition OnEnabledGlobalFilter on org.springframework.cloud.gateway.config.GatewayAutoConfiguration#forwardPathFilter matched
2022-02-09 14:25:17.731 TRACE 14518 --- [Test worker] o.s.c.g.c.c.OnEnabledGlobalFilter        : Condition OnEnabledGlobalFilter on org.springframework.cloud.gateway.config.GatewayAutoConfiguration#webSocketService matched
2022-02-09 14:25:17.732 TRACE 14518 --- [Test worker] o.s.c.g.c.c.OnEnabledGlobalFilter        : Condition OnEnabledGlobalFilter on org.springframework.cloud.gateway.config.GatewayAutoConfiguration#websocketRoutingFilter matched
2022-02-09 14:25:17.733 TRACE 14518 --- [Test worker] o.s.c.g.c.c.OnEnabledPredicate           : Condition OnEnabledPredicate on org.springframework.cloud.gateway.config.GatewayAutoConfiguration#weightCalculatorWebFilter matched
2022-02-09 14:25:17.734 TRACE 14518 --- [Test worker] o.s.c.g.c.c.OnEnabledPredicate           : Condition OnEnabledPredicate on org.springframework.cloud.gateway.config.GatewayAutoConfiguration#afterRoutePredicateFactory matched
2022-02-09 14:25:17.735 TRACE 14518 --- [Test worker] o.s.c.g.c.c.OnEnabledPredicate           : Condition OnEnabledPredicate on org.springframework.cloud.gateway.config.GatewayAutoConfiguration#beforeRoutePredicateFactory matched
2022-02-09 14:25:17.735 TRACE 14518 --- [Test worker] o.s.c.g.c.c.OnEnabledPredicate           : Condition OnEnabledPredicate on org.springframework.cloud.gateway.config.GatewayAutoConfiguration#betweenRoutePredicateFactory matched
2022-02-09 14:25:17.736 TRACE 14518 --- [Test worker] o.s.c.g.c.c.OnEnabledPredicate           : Condition OnEnabledPredicate on org.springframework.cloud.gateway.config.GatewayAutoConfiguration#cookieRoutePredicateFactory matched
2022-02-09 14:25:17.737 TRACE 14518 --- [Test worker] o.s.c.g.c.c.OnEnabledPredicate           : Condition OnEnabledPredicate on org.springframework.cloud.gateway.config.GatewayAutoConfiguration#headerRoutePredicateFactory matched
2022-02-09 14:25:17.738 TRACE 14518 --- [Test worker] o.s.c.g.c.c.OnEnabledPredicate           : Condition OnEnabledPredicate on org.springframework.cloud.gateway.config.GatewayAutoConfiguration#hostRoutePredicateFactory matched
2022-02-09 14:25:17.739 TRACE 14518 --- [Test worker] o.s.c.g.c.c.OnEnabledPredicate           : Condition OnEnabledPredicate on org.springframework.cloud.gateway.config.GatewayAutoConfiguration#methodRoutePredicateFactory matched
2022-02-09 14:25:17.740 TRACE 14518 --- [Test worker] o.s.c.g.c.c.OnEnabledPredicate           : Condition OnEnabledPredicate on org.springframework.cloud.gateway.config.GatewayAutoConfiguration#pathRoutePredicateFactory matched
2022-02-09 14:25:17.740 TRACE 14518 --- [Test worker] o.s.c.g.c.c.OnEnabledPredicate           : Condition OnEnabledPredicate on org.springframework.cloud.gateway.config.GatewayAutoConfiguration#queryRoutePredicateFactory matched
2022-02-09 14:25:17.741 TRACE 14518 --- [Test worker] o.s.c.g.c.c.OnEnabledPredicate           : Condition OnEnabledPredicate on org.springframework.cloud.gateway.config.GatewayAutoConfiguration#readBodyPredicateFactory matched
2022-02-09 14:25:17.742 TRACE 14518 --- [Test worker] o.s.c.g.c.c.OnEnabledPredicate           : Condition OnEnabledPredicate on org.springframework.cloud.gateway.config.GatewayAutoConfiguration#remoteAddrRoutePredicateFactory matched
2022-02-09 14:25:17.743 TRACE 14518 --- [Test worker] o.s.c.g.c.c.OnEnabledPredicate           : Condition OnEnabledPredicate on org.springframework.cloud.gateway.config.GatewayAutoConfiguration#weightRoutePredicateFactory matched
2022-02-09 14:25:17.744 TRACE 14518 --- [Test worker] o.s.c.g.c.c.OnEnabledPredicate           : Condition OnEnabledPredicate on org.springframework.cloud.gateway.config.GatewayAutoConfiguration#cloudFoundryRouteServiceRoutePredicateFactory matched
2022-02-09 14:25:17.749 TRACE 14518 --- [Test worker] o.s.c.g.c.conditional.OnEnabledFilter    : Condition OnEnabledFilter on org.springframework.cloud.gateway.config.GatewayAutoConfiguration#addRequestHeaderGatewayFilterFactory matched
2022-02-09 14:25:17.750 TRACE 14518 --- [Test worker] o.s.c.g.c.conditional.OnEnabledFilter    : Condition OnEnabledFilter on org.springframework.cloud.gateway.config.GatewayAutoConfiguration#mapRequestHeaderGatewayFilterFactory matched
2022-02-09 14:25:17.751 TRACE 14518 --- [Test worker] o.s.c.g.c.conditional.OnEnabledFilter    : Condition OnEnabledFilter on org.springframework.cloud.gateway.config.GatewayAutoConfiguration#addRequestParameterGatewayFilterFactory matched
2022-02-09 14:25:17.752 TRACE 14518 --- [Test worker] o.s.c.g.c.conditional.OnEnabledFilter    : Condition OnEnabledFilter on org.springframework.cloud.gateway.config.GatewayAutoConfiguration#addResponseHeaderGatewayFilterFactory matched
2022-02-09 14:25:17.753 TRACE 14518 --- [Test worker] o.s.c.g.c.conditional.OnEnabledFilter    : Condition OnEnabledFilter on org.springframework.cloud.gateway.config.GatewayAutoConfiguration#modifyRequestBodyGatewayFilterFactory matched
2022-02-09 14:25:17.753 TRACE 14518 --- [Test worker] o.s.c.g.c.conditional.OnEnabledFilter    : Condition OnEnabledFilter on org.springframework.cloud.gateway.config.GatewayAutoConfiguration#dedupeResponseHeaderGatewayFilterFactory matched
2022-02-09 14:25:17.754 TRACE 14518 --- [Test worker] o.s.c.g.c.conditional.OnEnabledFilter    : Condition OnEnabledFilter on org.springframework.cloud.gateway.config.GatewayAutoConfiguration#modifyResponseBodyGatewayFilterFactory matched
2022-02-09 14:25:17.755 TRACE 14518 --- [Test worker] o.s.c.g.c.conditional.OnEnabledFilter    : Condition OnEnabledFilter on org.springframework.cloud.gateway.config.GatewayAutoConfiguration#cacheRequestBodyGatewayFilterFactory matched
2022-02-09 14:25:17.755 TRACE 14518 --- [Test worker] o.s.c.g.c.conditional.OnEnabledFilter    : Condition OnEnabledFilter on org.springframework.cloud.gateway.config.GatewayAutoConfiguration#prefixPathGatewayFilterFactory matched
2022-02-09 14:25:17.756 TRACE 14518 --- [Test worker] o.s.c.g.c.conditional.OnEnabledFilter    : Condition OnEnabledFilter on org.springframework.cloud.gateway.config.GatewayAutoConfiguration#preserveHostHeaderGatewayFilterFactory matched
2022-02-09 14:25:17.757 TRACE 14518 --- [Test worker] o.s.c.g.c.conditional.OnEnabledFilter    : Condition OnEnabledFilter on org.springframework.cloud.gateway.config.GatewayAutoConfiguration#redirectToGatewayFilterFactory matched
2022-02-09 14:25:17.757 TRACE 14518 --- [Test worker] o.s.c.g.c.conditional.OnEnabledFilter    : Condition OnEnabledFilter on org.springframework.cloud.gateway.config.GatewayAutoConfiguration#removeRequestHeaderGatewayFilterFactory matched
2022-02-09 14:25:17.758 TRACE 14518 --- [Test worker] o.s.c.g.c.conditional.OnEnabledFilter    : Condition OnEnabledFilter on org.springframework.cloud.gateway.config.GatewayAutoConfiguration#removeRequestParameterGatewayFilterFactory matched
2022-02-09 14:25:17.759 TRACE 14518 --- [Test worker] o.s.c.g.c.conditional.OnEnabledFilter    : Condition OnEnabledFilter on org.springframework.cloud.gateway.config.GatewayAutoConfiguration#removeResponseHeaderGatewayFilterFactory matched
2022-02-09 14:25:17.770 TRACE 14518 --- [Test worker] o.s.c.g.c.conditional.OnEnabledFilter    : Condition OnEnabledFilter on org.springframework.cloud.gateway.config.GatewayAutoConfiguration#rewritePathGatewayFilterFactory matched
2022-02-09 14:25:17.771 TRACE 14518 --- [Test worker] o.s.c.g.c.conditional.OnEnabledFilter    : Condition OnEnabledFilter on org.springframework.cloud.gateway.config.GatewayAutoConfiguration#retryGatewayFilterFactory matched
2022-02-09 14:25:17.771 TRACE 14518 --- [Test worker] o.s.c.g.c.conditional.OnEnabledFilter    : Condition OnEnabledFilter on org.springframework.cloud.gateway.config.GatewayAutoConfiguration#setPathGatewayFilterFactory matched
2022-02-09 14:25:17.772 TRACE 14518 --- [Test worker] o.s.c.g.c.conditional.OnEnabledFilter    : Condition OnEnabledFilter on org.springframework.cloud.gateway.config.GatewayAutoConfiguration#secureHeadersGatewayFilterFactory matched
2022-02-09 14:25:17.773 TRACE 14518 --- [Test worker] o.s.c.g.c.conditional.OnEnabledFilter    : Condition OnEnabledFilter on org.springframework.cloud.gateway.config.GatewayAutoConfiguration#setRequestHeaderGatewayFilterFactory matched
2022-02-09 14:25:17.773 TRACE 14518 --- [Test worker] o.s.c.g.c.conditional.OnEnabledFilter    : Condition OnEnabledFilter on org.springframework.cloud.gateway.config.GatewayAutoConfiguration#setRequestHostHeaderGatewayFilterFactory matched
2022-02-09 14:25:17.774 TRACE 14518 --- [Test worker] o.s.c.g.c.conditional.OnEnabledFilter    : Condition OnEnabledFilter on org.springframework.cloud.gateway.config.GatewayAutoConfiguration#setResponseHeaderGatewayFilterFactory matched
2022-02-09 14:25:17.775 TRACE 14518 --- [Test worker] o.s.c.g.c.conditional.OnEnabledFilter    : Condition OnEnabledFilter on org.springframework.cloud.gateway.config.GatewayAutoConfiguration#rewriteResponseHeaderGatewayFilterFactory matched
2022-02-09 14:25:17.775 TRACE 14518 --- [Test worker] o.s.c.g.c.conditional.OnEnabledFilter    : Condition OnEnabledFilter on org.springframework.cloud.gateway.config.GatewayAutoConfiguration#rewriteLocationResponseHeaderGatewayFilterFactory matched
2022-02-09 14:25:17.776 TRACE 14518 --- [Test worker] o.s.c.g.c.conditional.OnEnabledFilter    : Condition OnEnabledFilter on org.springframework.cloud.gateway.config.GatewayAutoConfiguration#setStatusGatewayFilterFactory matched
2022-02-09 14:25:17.777 TRACE 14518 --- [Test worker] o.s.c.g.c.conditional.OnEnabledFilter    : Condition OnEnabledFilter on org.springframework.cloud.gateway.config.GatewayAutoConfiguration#saveSessionGatewayFilterFactory matched
2022-02-09 14:25:17.778 TRACE 14518 --- [Test worker] o.s.c.g.c.conditional.OnEnabledFilter    : Condition OnEnabledFilter on org.springframework.cloud.gateway.config.GatewayAutoConfiguration#stripPrefixGatewayFilterFactory matched
2022-02-09 14:25:17.779 TRACE 14518 --- [Test worker] o.s.c.g.c.conditional.OnEnabledFilter    : Condition OnEnabledFilter on org.springframework.cloud.gateway.config.GatewayAutoConfiguration#requestHeaderToRequestUriGatewayFilterFactory matched
2022-02-09 14:25:17.779 TRACE 14518 --- [Test worker] o.s.c.g.c.conditional.OnEnabledFilter    : Condition OnEnabledFilter on org.springframework.cloud.gateway.config.GatewayAutoConfiguration#requestSizeGatewayFilterFactory matched
2022-02-09 14:25:17.780 TRACE 14518 --- [Test worker] o.s.c.g.c.conditional.OnEnabledFilter    : Condition OnEnabledFilter on org.springframework.cloud.gateway.config.GatewayAutoConfiguration#requestHeaderSizeGatewayFilterFactory matched
2022-02-09 14:25:19.921  INFO 14518 --- [Test worker] o.s.cloud.context.scope.GenericScope     : BeanFactory id=5ba03981-1084-3367-85f7-f460a4f4580a
2022-02-09 14:25:20.716  INFO 14518 --- [Test worker] trationDelegate$BeanPostProcessorChecker : Bean 'org.springframework.cloud.client.loadbalancer.reactive.LoadBalancerBeanPostProcessorAutoConfiguration' of type [org.springframework.cloud.client.loadbalancer.reactive.LoadBalancerBeanPostProcessorAutoConfiguration] is not eligible for getting processed by all BeanPostProcessors (for example: not eligible for auto-proxying)
2022-02-09 14:25:20.730  INFO 14518 --- [Test worker] trationDelegate$BeanPostProcessorChecker : Bean 'org.springframework.cloud.client.loadbalancer.reactive.LoadBalancerBeanPostProcessorAutoConfiguration$ReactorDeferringLoadBalancerFilterConfig' of type [org.springframework.cloud.client.loadbalancer.reactive.LoadBalancerBeanPostProcessorAutoConfiguration$ReactorDeferringLoadBalancerFilterConfig] is not eligible for getting processed by all BeanPostProcessors (for example: not eligible for auto-proxying)
2022-02-09 14:25:20.760  INFO 14518 --- [Test worker] trationDelegate$BeanPostProcessorChecker : Bean 'reactorDeferringLoadBalancerExchangeFilterFunction' of type [org.springframework.cloud.client.loadbalancer.reactive.DeferringLoadBalancerExchangeFilterFunction] is not eligible for getting processed by all BeanPostProcessors (for example: not eligible for auto-proxying)
2022-02-09 14:25:24.159  INFO 14518 --- [Test worker] o.s.cloud.commons.util.InetUtils         : Cannot determine local hostname
2022-02-09 14:25:25.473 DEBUG 14518 --- [Test worker] o.s.c.gateway.config.GatewayProperties   : Routes supplied from Gateway Properties: [RouteDefinition{id='product-composite', predicates=[PredicateDefinition{name='Path', args={_genkey_0=/product-composite/**}}], filters=[], uri=lb://product-composite, order=0, metadata={}}, RouteDefinition{id='admin', predicates=[PredicateDefinition{name='Path', args={_genkey_0=/admin/**}}], filters=[], uri=lb://admin, order=0, metadata={}}, RouteDefinition{id='eureka-api', predicates=[PredicateDefinition{name='Path', args={_genkey_0=/eureka/api/{segment}}}], filters=[FilterDefinition{name='SetPath', args={_genkey_0=/eureka/{segment}}}], uri=http://localhost:8761, order=0, metadata={}}, RouteDefinition{id='eureka-web-start', predicates=[PredicateDefinition{name='Path', args={_genkey_0=/eureka/web}}], filters=[FilterDefinition{name='SetPath', args={_genkey_0=/}}], uri=http://localhost:8761, order=0, metadata={}}]
2022-02-09 14:25:31.060  INFO 14518 --- [Test worker] o.s.c.g.r.RouteDefinitionRouteLocator    : Loaded RoutePredicateFactory [After]
2022-02-09 14:25:31.061  INFO 14518 --- [Test worker] o.s.c.g.r.RouteDefinitionRouteLocator    : Loaded RoutePredicateFactory [Before]
2022-02-09 14:25:31.062  INFO 14518 --- [Test worker] o.s.c.g.r.RouteDefinitionRouteLocator    : Loaded RoutePredicateFactory [Between]
2022-02-09 14:25:31.062  INFO 14518 --- [Test worker] o.s.c.g.r.RouteDefinitionRouteLocator    : Loaded RoutePredicateFactory [Cookie]
2022-02-09 14:25:31.062  INFO 14518 --- [Test worker] o.s.c.g.r.RouteDefinitionRouteLocator    : Loaded RoutePredicateFactory [Header]
2022-02-09 14:25:31.063  INFO 14518 --- [Test worker] o.s.c.g.r.RouteDefinitionRouteLocator    : Loaded RoutePredicateFactory [Host]
2022-02-09 14:25:31.063  INFO 14518 --- [Test worker] o.s.c.g.r.RouteDefinitionRouteLocator    : Loaded RoutePredicateFactory [Method]
2022-02-09 14:25:31.064  INFO 14518 --- [Test worker] o.s.c.g.r.RouteDefinitionRouteLocator    : Loaded RoutePredicateFactory [Path]
2022-02-09 14:25:31.064  INFO 14518 --- [Test worker] o.s.c.g.r.RouteDefinitionRouteLocator    : Loaded RoutePredicateFactory [Query]
2022-02-09 14:25:31.064  INFO 14518 --- [Test worker] o.s.c.g.r.RouteDefinitionRouteLocator    : Loaded RoutePredicateFactory [ReadBody]
2022-02-09 14:25:31.065  INFO 14518 --- [Test worker] o.s.c.g.r.RouteDefinitionRouteLocator    : Loaded RoutePredicateFactory [RemoteAddr]
2022-02-09 14:25:31.065  INFO 14518 --- [Test worker] o.s.c.g.r.RouteDefinitionRouteLocator    : Loaded RoutePredicateFactory [Weight]
2022-02-09 14:25:31.065  INFO 14518 --- [Test worker] o.s.c.g.r.RouteDefinitionRouteLocator    : Loaded RoutePredicateFactory [CloudFoundryRouteService]
2022-02-09 14:25:34.061  INFO 14518 --- [Test worker] o.s.cloud.commons.util.InetUtils         : Cannot determine local hostname
2022-02-09 14:25:35.124  INFO 14518 --- [Test worker] o.s.b.a.e.web.EndpointLinksResolver      : Exposing 17 endpoint(s) beneath base path '/actuator'
2022-02-09 14:25:37.649  INFO 14518 --- [Test worker] DiscoveryClientOptionalArgsConfiguration : Eureka HTTP Client uses RestTemplate.
2022-02-09 14:25:38.491  WARN 14518 --- [Test worker] iguration$LoadBalancerCaffeineWarnLogger : Spring Cloud LoadBalancer is currently working with the default cache. You can switch to using Caffeine cache, by adding it and org.springframework.cache.caffeine.CaffeineCacheManager to the classpath.
2022-02-09 14:25:38.946 DEBUG 14518 --- [Test worker] o.s.c.g.filter.GatewayMetricsFilter      : New routes count: 4
2022-02-09 14:25:38.966  INFO 14518 --- [Test worker] c.example.demo.GatewayApplicationTests   : Started GatewayApplicationTests in 28.059 seconds (JVM running for 32.907)
2022-02-09 14:40:50.350  INFO 19386 --- [Test worker] c.example.demo.GatewayApplicationTests   : Starting GatewayApplicationTests using Java 1.8.0_312 on MTNB1007 with PID 19386 (started by andika in /mnt/d/development/Hands-On-Microservices-with-Spring-Boot-and-Spring-Cloud/Chapter09/spring-cloud/gateway)
2022-02-09 14:40:50.356  INFO 19386 --- [Test worker] c.example.demo.GatewayApplicationTests   : No active profile set, falling back to default profiles: default
2022-02-09 14:40:50.496  WARN 19386 --- [Test worker] o.s.b.c.config.ConfigDataEnvironment     : Property 'spring.profiles' imported from location 'class path resource [application.yml]' is invalid and should be replaced with 'spring.config.activate.on-profile' [origin: class path resource [application.yml] - 53:18]
2022-02-09 14:40:52.932 TRACE 19386 --- [Test worker] o.s.c.g.c.c.OnEnabledGlobalFilter        : Condition OnEnabledGlobalFilter on org.springframework.cloud.gateway.config.GatewayReactiveLoadBalancerClientAutoConfiguration#gatewayLoadBalancerClientFilter matched
2022-02-09 14:40:52.938 TRACE 19386 --- [Test worker] o.s.c.g.c.c.OnEnabledGlobalFilter        : Condition OnEnabledGlobalFilter on org.springframework.cloud.gateway.config.GatewayReactiveLoadBalancerClientAutoConfiguration#loadBalancerServiceInstanceCookieFilter matched
2022-02-09 14:40:52.966 TRACE 19386 --- [Test worker] Configuration$OnVerboseDisabledCondition : Condition GatewayAutoConfiguration.OnVerboseDisabledCondition on org.springframework.cloud.gateway.config.GatewayAutoConfiguration$GatewayActuatorConfiguration#gatewayLegacyControllerEndpoint did not match due to NoneNestedConditions 1 matched 0 did not; NestedCondition on GatewayAutoConfiguration.OnVerboseDisabledCondition.VerboseDisabled @ConditionalOnProperty (spring.cloud.gateway.actuator.verbose.enabled) matched
2022-02-09 14:40:52.996 TRACE 19386 --- [Test worker] o.s.c.g.c.c.OnEnabledGlobalFilter        : Condition OnEnabledGlobalFilter on org.springframework.cloud.gateway.config.GatewayAutoConfiguration$NettyConfiguration#routingFilter matched
2022-02-09 14:40:52.997 TRACE 19386 --- [Test worker] o.s.c.g.c.c.OnEnabledGlobalFilter        : Condition OnEnabledGlobalFilter on org.springframework.cloud.gateway.config.GatewayAutoConfiguration$NettyConfiguration#nettyWriteResponseFilter matched
2022-02-09 14:40:53.000 TRACE 19386 --- [Test worker] o.s.c.g.c.c.OnEnabledGlobalFilter        : Condition OnEnabledGlobalFilter on org.springframework.cloud.gateway.config.GatewayAutoConfiguration$NettyConfiguration#reactorNettyWebSocketClient matched
2022-02-09 14:40:53.000 TRACE 19386 --- [Test worker] o.s.c.g.c.c.OnEnabledGlobalFilter        : Condition OnEnabledGlobalFilter on org.springframework.cloud.gateway.config.GatewayAutoConfiguration$NettyConfiguration#reactorNettyRequestUpgradeStrategy matched
2022-02-09 14:40:53.245 TRACE 19386 --- [Test worker] o.s.c.g.c.c.OnEnabledGlobalFilter        : Condition OnEnabledGlobalFilter on org.springframework.cloud.gateway.config.GatewayAutoConfiguration#adaptCachedBodyGlobalFilter matched
2022-02-09 14:40:53.263 TRACE 19386 --- [Test worker] o.s.c.g.c.c.OnEnabledGlobalFilter        : Condition OnEnabledGlobalFilter on org.springframework.cloud.gateway.config.GatewayAutoConfiguration#removeCachedBodyFilter matched
2022-02-09 14:40:53.265 TRACE 19386 --- [Test worker] o.s.c.g.c.c.OnEnabledGlobalFilter        : Condition OnEnabledGlobalFilter on org.springframework.cloud.gateway.config.GatewayAutoConfiguration#routeToRequestUrlFilter matched
2022-02-09 14:40:53.266 TRACE 19386 --- [Test worker] o.s.c.g.c.c.OnEnabledGlobalFilter        : Condition OnEnabledGlobalFilter on org.springframework.cloud.gateway.config.GatewayAutoConfiguration#forwardRoutingFilter matched
2022-02-09 14:40:53.267 TRACE 19386 --- [Test worker] o.s.c.g.c.c.OnEnabledGlobalFilter        : Condition OnEnabledGlobalFilter on org.springframework.cloud.gateway.config.GatewayAutoConfiguration#forwardPathFilter matched
2022-02-09 14:40:53.267 TRACE 19386 --- [Test worker] o.s.c.g.c.c.OnEnabledGlobalFilter        : Condition OnEnabledGlobalFilter on org.springframework.cloud.gateway.config.GatewayAutoConfiguration#webSocketService matched
2022-02-09 14:40:53.269 TRACE 19386 --- [Test worker] o.s.c.g.c.c.OnEnabledGlobalFilter        : Condition OnEnabledGlobalFilter on org.springframework.cloud.gateway.config.GatewayAutoConfiguration#websocketRoutingFilter matched
2022-02-09 14:40:53.269 TRACE 19386 --- [Test worker] o.s.c.g.c.c.OnEnabledPredicate           : Condition OnEnabledPredicate on org.springframework.cloud.gateway.config.GatewayAutoConfiguration#weightCalculatorWebFilter matched
2022-02-09 14:40:53.270 TRACE 19386 --- [Test worker] o.s.c.g.c.c.OnEnabledPredicate           : Condition OnEnabledPredicate on org.springframework.cloud.gateway.config.GatewayAutoConfiguration#afterRoutePredicateFactory matched
2022-02-09 14:40:53.271 TRACE 19386 --- [Test worker] o.s.c.g.c.c.OnEnabledPredicate           : Condition OnEnabledPredicate on org.springframework.cloud.gateway.config.GatewayAutoConfiguration#beforeRoutePredicateFactory matched
2022-02-09 14:40:53.272 TRACE 19386 --- [Test worker] o.s.c.g.c.c.OnEnabledPredicate           : Condition OnEnabledPredicate on org.springframework.cloud.gateway.config.GatewayAutoConfiguration#betweenRoutePredicateFactory matched
2022-02-09 14:40:53.272 TRACE 19386 --- [Test worker] o.s.c.g.c.c.OnEnabledPredicate           : Condition OnEnabledPredicate on org.springframework.cloud.gateway.config.GatewayAutoConfiguration#cookieRoutePredicateFactory matched
2022-02-09 14:40:53.273 TRACE 19386 --- [Test worker] o.s.c.g.c.c.OnEnabledPredicate           : Condition OnEnabledPredicate on org.springframework.cloud.gateway.config.GatewayAutoConfiguration#headerRoutePredicateFactory matched
2022-02-09 14:40:53.274 TRACE 19386 --- [Test worker] o.s.c.g.c.c.OnEnabledPredicate           : Condition OnEnabledPredicate on org.springframework.cloud.gateway.config.GatewayAutoConfiguration#hostRoutePredicateFactory matched
2022-02-09 14:40:53.274 TRACE 19386 --- [Test worker] o.s.c.g.c.c.OnEnabledPredicate           : Condition OnEnabledPredicate on org.springframework.cloud.gateway.config.GatewayAutoConfiguration#methodRoutePredicateFactory matched
2022-02-09 14:40:53.275 TRACE 19386 --- [Test worker] o.s.c.g.c.c.OnEnabledPredicate           : Condition OnEnabledPredicate on org.springframework.cloud.gateway.config.GatewayAutoConfiguration#pathRoutePredicateFactory matched
2022-02-09 14:40:53.276 TRACE 19386 --- [Test worker] o.s.c.g.c.c.OnEnabledPredicate           : Condition OnEnabledPredicate on org.springframework.cloud.gateway.config.GatewayAutoConfiguration#queryRoutePredicateFactory matched
2022-02-09 14:40:53.276 TRACE 19386 --- [Test worker] o.s.c.g.c.c.OnEnabledPredicate           : Condition OnEnabledPredicate on org.springframework.cloud.gateway.config.GatewayAutoConfiguration#readBodyPredicateFactory matched
2022-02-09 14:40:53.277 TRACE 19386 --- [Test worker] o.s.c.g.c.c.OnEnabledPredicate           : Condition OnEnabledPredicate on org.springframework.cloud.gateway.config.GatewayAutoConfiguration#remoteAddrRoutePredicateFactory matched
2022-02-09 14:40:53.277 TRACE 19386 --- [Test worker] o.s.c.g.c.c.OnEnabledPredicate           : Condition OnEnabledPredicate on org.springframework.cloud.gateway.config.GatewayAutoConfiguration#weightRoutePredicateFactory matched
2022-02-09 14:40:53.278 TRACE 19386 --- [Test worker] o.s.c.g.c.c.OnEnabledPredicate           : Condition OnEnabledPredicate on org.springframework.cloud.gateway.config.GatewayAutoConfiguration#cloudFoundryRouteServiceRoutePredicateFactory matched
2022-02-09 14:40:53.282 TRACE 19386 --- [Test worker] o.s.c.g.c.conditional.OnEnabledFilter    : Condition OnEnabledFilter on org.springframework.cloud.gateway.config.GatewayAutoConfiguration#addRequestHeaderGatewayFilterFactory matched
2022-02-09 14:40:53.283 TRACE 19386 --- [Test worker] o.s.c.g.c.conditional.OnEnabledFilter    : Condition OnEnabledFilter on org.springframework.cloud.gateway.config.GatewayAutoConfiguration#mapRequestHeaderGatewayFilterFactory matched
2022-02-09 14:40:53.284 TRACE 19386 --- [Test worker] o.s.c.g.c.conditional.OnEnabledFilter    : Condition OnEnabledFilter on org.springframework.cloud.gateway.config.GatewayAutoConfiguration#addRequestParameterGatewayFilterFactory matched
2022-02-09 14:40:53.285 TRACE 19386 --- [Test worker] o.s.c.g.c.conditional.OnEnabledFilter    : Condition OnEnabledFilter on org.springframework.cloud.gateway.config.GatewayAutoConfiguration#addResponseHeaderGatewayFilterFactory matched
2022-02-09 14:40:53.285 TRACE 19386 --- [Test worker] o.s.c.g.c.conditional.OnEnabledFilter    : Condition OnEnabledFilter on org.springframework.cloud.gateway.config.GatewayAutoConfiguration#modifyRequestBodyGatewayFilterFactory matched
2022-02-09 14:40:53.286 TRACE 19386 --- [Test worker] o.s.c.g.c.conditional.OnEnabledFilter    : Condition OnEnabledFilter on org.springframework.cloud.gateway.config.GatewayAutoConfiguration#dedupeResponseHeaderGatewayFilterFactory matched
2022-02-09 14:40:53.286 TRACE 19386 --- [Test worker] o.s.c.g.c.conditional.OnEnabledFilter    : Condition OnEnabledFilter on org.springframework.cloud.gateway.config.GatewayAutoConfiguration#modifyResponseBodyGatewayFilterFactory matched
2022-02-09 14:40:53.287 TRACE 19386 --- [Test worker] o.s.c.g.c.conditional.OnEnabledFilter    : Condition OnEnabledFilter on org.springframework.cloud.gateway.config.GatewayAutoConfiguration#cacheRequestBodyGatewayFilterFactory matched
2022-02-09 14:40:53.288 TRACE 19386 --- [Test worker] o.s.c.g.c.conditional.OnEnabledFilter    : Condition OnEnabledFilter on org.springframework.cloud.gateway.config.GatewayAutoConfiguration#prefixPathGatewayFilterFactory matched
2022-02-09 14:40:53.288 TRACE 19386 --- [Test worker] o.s.c.g.c.conditional.OnEnabledFilter    : Condition OnEnabledFilter on org.springframework.cloud.gateway.config.GatewayAutoConfiguration#preserveHostHeaderGatewayFilterFactory matched
2022-02-09 14:40:53.289 TRACE 19386 --- [Test worker] o.s.c.g.c.conditional.OnEnabledFilter    : Condition OnEnabledFilter on org.springframework.cloud.gateway.config.GatewayAutoConfiguration#redirectToGatewayFilterFactory matched
2022-02-09 14:40:53.289 TRACE 19386 --- [Test worker] o.s.c.g.c.conditional.OnEnabledFilter    : Condition OnEnabledFilter on org.springframework.cloud.gateway.config.GatewayAutoConfiguration#removeRequestHeaderGatewayFilterFactory matched
2022-02-09 14:40:53.289 TRACE 19386 --- [Test worker] o.s.c.g.c.conditional.OnEnabledFilter    : Condition OnEnabledFilter on org.springframework.cloud.gateway.config.GatewayAutoConfiguration#removeRequestParameterGatewayFilterFactory matched
2022-02-09 14:40:53.290 TRACE 19386 --- [Test worker] o.s.c.g.c.conditional.OnEnabledFilter    : Condition OnEnabledFilter on org.springframework.cloud.gateway.config.GatewayAutoConfiguration#removeResponseHeaderGatewayFilterFactory matched
2022-02-09 14:40:53.299 TRACE 19386 --- [Test worker] o.s.c.g.c.conditional.OnEnabledFilter    : Condition OnEnabledFilter on org.springframework.cloud.gateway.config.GatewayAutoConfiguration#rewritePathGatewayFilterFactory matched
2022-02-09 14:40:53.300 TRACE 19386 --- [Test worker] o.s.c.g.c.conditional.OnEnabledFilter    : Condition OnEnabledFilter on org.springframework.cloud.gateway.config.GatewayAutoConfiguration#retryGatewayFilterFactory matched
2022-02-09 14:40:53.300 TRACE 19386 --- [Test worker] o.s.c.g.c.conditional.OnEnabledFilter    : Condition OnEnabledFilter on org.springframework.cloud.gateway.config.GatewayAutoConfiguration#setPathGatewayFilterFactory matched
2022-02-09 14:40:53.301 TRACE 19386 --- [Test worker] o.s.c.g.c.conditional.OnEnabledFilter    : Condition OnEnabledFilter on org.springframework.cloud.gateway.config.GatewayAutoConfiguration#secureHeadersGatewayFilterFactory matched
2022-02-09 14:40:53.301 TRACE 19386 --- [Test worker] o.s.c.g.c.conditional.OnEnabledFilter    : Condition OnEnabledFilter on org.springframework.cloud.gateway.config.GatewayAutoConfiguration#setRequestHeaderGatewayFilterFactory matched
2022-02-09 14:40:53.302 TRACE 19386 --- [Test worker] o.s.c.g.c.conditional.OnEnabledFilter    : Condition OnEnabledFilter on org.springframework.cloud.gateway.config.GatewayAutoConfiguration#setRequestHostHeaderGatewayFilterFactory matched
2022-02-09 14:40:53.302 TRACE 19386 --- [Test worker] o.s.c.g.c.conditional.OnEnabledFilter    : Condition OnEnabledFilter on org.springframework.cloud.gateway.config.GatewayAutoConfiguration#setResponseHeaderGatewayFilterFactory matched
2022-02-09 14:40:53.303 TRACE 19386 --- [Test worker] o.s.c.g.c.conditional.OnEnabledFilter    : Condition OnEnabledFilter on org.springframework.cloud.gateway.config.GatewayAutoConfiguration#rewriteResponseHeaderGatewayFilterFactory matched
2022-02-09 14:40:53.303 TRACE 19386 --- [Test worker] o.s.c.g.c.conditional.OnEnabledFilter    : Condition OnEnabledFilter on org.springframework.cloud.gateway.config.GatewayAutoConfiguration#rewriteLocationResponseHeaderGatewayFilterFactory matched
2022-02-09 14:40:53.304 TRACE 19386 --- [Test worker] o.s.c.g.c.conditional.OnEnabledFilter    : Condition OnEnabledFilter on org.springframework.cloud.gateway.config.GatewayAutoConfiguration#setStatusGatewayFilterFactory matched
2022-02-09 14:40:53.304 TRACE 19386 --- [Test worker] o.s.c.g.c.conditional.OnEnabledFilter    : Condition OnEnabledFilter on org.springframework.cloud.gateway.config.GatewayAutoConfiguration#saveSessionGatewayFilterFactory matched
2022-02-09 14:40:53.305 TRACE 19386 --- [Test worker] o.s.c.g.c.conditional.OnEnabledFilter    : Condition OnEnabledFilter on org.springframework.cloud.gateway.config.GatewayAutoConfiguration#stripPrefixGatewayFilterFactory matched
2022-02-09 14:40:53.305 TRACE 19386 --- [Test worker] o.s.c.g.c.conditional.OnEnabledFilter    : Condition OnEnabledFilter on org.springframework.cloud.gateway.config.GatewayAutoConfiguration#requestHeaderToRequestUriGatewayFilterFactory matched
2022-02-09 14:40:53.306 TRACE 19386 --- [Test worker] o.s.c.g.c.conditional.OnEnabledFilter    : Condition OnEnabledFilter on org.springframework.cloud.gateway.config.GatewayAutoConfiguration#requestSizeGatewayFilterFactory matched
2022-02-09 14:40:53.306 TRACE 19386 --- [Test worker] o.s.c.g.c.conditional.OnEnabledFilter    : Condition OnEnabledFilter on org.springframework.cloud.gateway.config.GatewayAutoConfiguration#requestHeaderSizeGatewayFilterFactory matched
2022-02-09 14:40:55.154  INFO 19386 --- [Test worker] o.s.cloud.context.scope.GenericScope     : BeanFactory id=5ba03981-1084-3367-85f7-f460a4f4580a
2022-02-09 14:40:55.832  INFO 19386 --- [Test worker] trationDelegate$BeanPostProcessorChecker : Bean 'org.springframework.cloud.client.loadbalancer.reactive.LoadBalancerBeanPostProcessorAutoConfiguration' of type [org.springframework.cloud.client.loadbalancer.reactive.LoadBalancerBeanPostProcessorAutoConfiguration] is not eligible for getting processed by all BeanPostProcessors (for example: not eligible for auto-proxying)
2022-02-09 14:40:55.843  INFO 19386 --- [Test worker] trationDelegate$BeanPostProcessorChecker : Bean 'org.springframework.cloud.client.loadbalancer.reactive.LoadBalancerBeanPostProcessorAutoConfiguration$ReactorDeferringLoadBalancerFilterConfig' of type [org.springframework.cloud.client.loadbalancer.reactive.LoadBalancerBeanPostProcessorAutoConfiguration$ReactorDeferringLoadBalancerFilterConfig] is not eligible for getting processed by all BeanPostProcessors (for example: not eligible for auto-proxying)
2022-02-09 14:40:55.868  INFO 19386 --- [Test worker] trationDelegate$BeanPostProcessorChecker : Bean 'reactorDeferringLoadBalancerExchangeFilterFunction' of type [org.springframework.cloud.client.loadbalancer.reactive.DeferringLoadBalancerExchangeFilterFunction] is not eligible for getting processed by all BeanPostProcessors (for example: not eligible for auto-proxying)
2022-02-09 14:40:58.790  INFO 19386 --- [Test worker] o.s.cloud.commons.util.InetUtils         : Cannot determine local hostname
2022-02-09 14:41:00.084 DEBUG 19386 --- [Test worker] o.s.c.gateway.config.GatewayProperties   : Routes supplied from Gateway Properties: [RouteDefinition{id='product-composite', predicates=[PredicateDefinition{name='Path', args={_genkey_0=/product-composite/**}}], filters=[], uri=lb://product-composite, order=0, metadata={}}, RouteDefinition{id='admin', predicates=[PredicateDefinition{name='Path', args={_genkey_0=/admin/**}}], filters=[], uri=lb://admin, order=0, metadata={}}, RouteDefinition{id='eureka-api', predicates=[PredicateDefinition{name='Path', args={_genkey_0=/eureka/api/{segment}}}], filters=[FilterDefinition{name='SetPath', args={_genkey_0=/eureka/{segment}}}], uri=http://localhost:8761, order=0, metadata={}}, RouteDefinition{id='eureka-web-start', predicates=[PredicateDefinition{name='Path', args={_genkey_0=/eureka/web}}], filters=[FilterDefinition{name='SetPath', args={_genkey_0=/}}], uri=http://localhost:8761, order=0, metadata={}}]
2022-02-09 14:41:04.694  INFO 19386 --- [Test worker] o.s.c.g.r.RouteDefinitionRouteLocator    : Loaded RoutePredicateFactory [After]
2022-02-09 14:41:04.695  INFO 19386 --- [Test worker] o.s.c.g.r.RouteDefinitionRouteLocator    : Loaded RoutePredicateFactory [Before]
2022-02-09 14:41:04.695  INFO 19386 --- [Test worker] o.s.c.g.r.RouteDefinitionRouteLocator    : Loaded RoutePredicateFactory [Between]
2022-02-09 14:41:04.696  INFO 19386 --- [Test worker] o.s.c.g.r.RouteDefinitionRouteLocator    : Loaded RoutePredicateFactory [Cookie]
2022-02-09 14:41:04.696  INFO 19386 --- [Test worker] o.s.c.g.r.RouteDefinitionRouteLocator    : Loaded RoutePredicateFactory [Header]
2022-02-09 14:41:04.696  INFO 19386 --- [Test worker] o.s.c.g.r.RouteDefinitionRouteLocator    : Loaded RoutePredicateFactory [Host]
2022-02-09 14:41:04.697  INFO 19386 --- [Test worker] o.s.c.g.r.RouteDefinitionRouteLocator    : Loaded RoutePredicateFactory [Method]
2022-02-09 14:41:04.697  INFO 19386 --- [Test worker] o.s.c.g.r.RouteDefinitionRouteLocator    : Loaded RoutePredicateFactory [Path]
2022-02-09 14:41:04.697  INFO 19386 --- [Test worker] o.s.c.g.r.RouteDefinitionRouteLocator    : Loaded RoutePredicateFactory [Query]
2022-02-09 14:41:04.698  INFO 19386 --- [Test worker] o.s.c.g.r.RouteDefinitionRouteLocator    : Loaded RoutePredicateFactory [ReadBody]
2022-02-09 14:41:04.698  INFO 19386 --- [Test worker] o.s.c.g.r.RouteDefinitionRouteLocator    : Loaded RoutePredicateFactory [RemoteAddr]
2022-02-09 14:41:04.698  INFO 19386 --- [Test worker] o.s.c.g.r.RouteDefinitionRouteLocator    : Loaded RoutePredicateFactory [Weight]
2022-02-09 14:41:04.699  INFO 19386 --- [Test worker] o.s.c.g.r.RouteDefinitionRouteLocator    : Loaded RoutePredicateFactory [CloudFoundryRouteService]
2022-02-09 14:41:07.886  INFO 19386 --- [Test worker] o.s.cloud.commons.util.InetUtils         : Cannot determine local hostname
2022-02-09 14:41:08.991  INFO 19386 --- [Test worker] o.s.b.a.e.web.EndpointLinksResolver      : Exposing 17 endpoint(s) beneath base path '/actuator'
2022-02-09 14:41:11.416  INFO 19386 --- [Test worker] DiscoveryClientOptionalArgsConfiguration : Eureka HTTP Client uses RestTemplate.
2022-02-09 14:41:12.241  WARN 19386 --- [Test worker] iguration$LoadBalancerCaffeineWarnLogger : Spring Cloud LoadBalancer is currently working with the default cache. You can switch to using Caffeine cache, by adding it and org.springframework.cache.caffeine.CaffeineCacheManager to the classpath.
2022-02-09 14:41:12.692 DEBUG 19386 --- [Test worker] o.s.c.g.filter.GatewayMetricsFilter      : New routes count: 4
2022-02-09 14:41:12.715  INFO 19386 --- [Test worker] c.example.demo.GatewayApplicationTests   : Started GatewayApplicationTests in 25.328 seconds (JVM running for 29.28)
